<?xml version="1.0" encoding="UTF-8"?>
<!-- Generated by org.testng.reporters.JUnitXMLReporter -->
<testsuite hostname="smart-PC" name="Surefire test" tests="6" failures="0" timestamp="18 Jul 2018 11:14:25 GMT" time="3.43" errors="0">
  <testcase name="PerformLogic" time="1.767" classname="com.scoopen.Authenticate.PerfornAuthanticateTest"/>
  <testcase name="PerformLogic" time="0.0" classname="com.scoopen.Authenticate.PerfornAuthanticateTest"/>
  <testcase name="PerformLogic" time="0.001" classname="com.scoopen.Authenticate.PerfornAuthanticateTest"/>
  <testcase name="PerformLogic" time="0.0" classname="com.scoopen.Authenticate.PerfornAuthanticateTest"/>
  <testcase name="PerformLogic" time="0.0" classname="com.scoopen.Authenticate.PerfornAuthanticateTest"/>
  <testcase name="PerformLogic" time="0.0" classname="com.scoopen.Authenticate.PerfornAuthanticateTest"/>
</testsuite> <!-- Surefire test -->
