<?xml version="1.0" encoding="UTF-8"?>
<testsuite xmlns:xsi="http://www.w3.org/2001/XMLSchema-instance" xsi:noNamespaceSchemaLocation="https://maven.apache.org/surefire/maven-surefire-plugin/xsd/surefire-test-report.xsd" name="com.scoopen.Authenticate.PerfornAuthanticateTest" time="5.081" tests="6" errors="0" skipped="0" failures="0">
  <properties>
[...]
</properties>
  <testcase name="PerformLogic" classname="com.scoopen.Authenticate.PerfornAuthanticateTest" time="1.768"/>
  <testcase name="PerformLogic" classname="com.scoopen.Authenticate.PerfornAuthanticateTest" time="0.007"/>
  <testcase name="PerformLogic" classname="com.scoopen.Authenticate.PerfornAuthanticateTest" time="0.001"/>
  <testcase name="PerformLogic" classname="com.scoopen.Authenticate.PerfornAuthanticateTest" time="0"/>
  <testcase name="PerformLogic" classname="com.scoopen.Authenticate.PerfornAuthanticateTest" time="0"/>
  <testcase name="PerformLogic" classname="com.scoopen.Authenticate.PerfornAuthanticateTest" time="0"/>
</testsuite>